mode: atomic
github.com/wosai/elastic-env-operator/pkg/controller/elasticenvplane/elasticenvplane_controller.go:31.37,33.2 1 0
github.com/wosai/elastic-env-operator/pkg/controller/elasticenvplane/elasticenvplane_controller.go:36.62,38.2 1 0
github.com/wosai/elastic-env-operator/pkg/controller/elasticenvplane/elasticenvplane_controller.go:41.61,44.16 2 0
github.com/wosai/elastic-env-operator/pkg/controller/elasticenvplane/elasticenvplane_controller.go:49.2,50.16 2 0
github.com/wosai/elastic-env-operator/pkg/controller/elasticenvplane/elasticenvplane_controller.go:56.2,60.16 2 0
github.com/wosai/elastic-env-operator/pkg/controller/elasticenvplane/elasticenvplane_controller.go:64.2,64.12 1 0
github.com/wosai/elastic-env-operator/pkg/controller/elasticenvplane/elasticenvplane_controller.go:44.16,46.3 1 0
github.com/wosai/elastic-env-operator/pkg/controller/elasticenvplane/elasticenvplane_controller.go:50.16,52.3 1 0
github.com/wosai/elastic-env-operator/pkg/controller/elasticenvplane/elasticenvplane_controller.go:60.16,62.3 1 0
github.com/wosai/elastic-env-operator/pkg/controller/elasticenvplane/elasticenvplane_controller.go:85.99,92.16 5 0
github.com/wosai/elastic-env-operator/pkg/controller/elasticenvplane/elasticenvplane_controller.go:104.2,107.87 2 0
github.com/wosai/elastic-env-operator/pkg/controller/elasticenvplane/elasticenvplane_controller.go:112.2,114.42 3 0
github.com/wosai/elastic-env-operator/pkg/controller/elasticenvplane/elasticenvplane_controller.go:128.2,129.32 2 0
github.com/wosai/elastic-env-operator/pkg/controller/elasticenvplane/elasticenvplane_controller.go:92.16,93.29 1 0
github.com/wosai/elastic-env-operator/pkg/controller/elasticenvplane/elasticenvplane_controller.go:100.3,100.33 1 0
github.com/wosai/elastic-env-operator/pkg/controller/elasticenvplane/elasticenvplane_controller.go:93.29,98.4 1 0
github.com/wosai/elastic-env-operator/pkg/controller/elasticenvplane/elasticenvplane_controller.go:107.87,109.3 1 0
github.com/wosai/elastic-env-operator/pkg/controller/elasticenvplane/elasticenvplane_controller.go:114.42,117.17 3 0
github.com/wosai/elastic-env-operator/pkg/controller/elasticenvplane/elasticenvplane_controller.go:122.3,122.33 1 0
github.com/wosai/elastic-env-operator/pkg/controller/elasticenvplane/elasticenvplane_controller.go:117.17,119.4 1 0
github.com/wosai/elastic-env-operator/pkg/controller/elasticenvplane/elasticenvplane_controller.go:123.8,123.23 1 0
github.com/wosai/elastic-env-operator/pkg/controller/elasticenvplane/elasticenvplane_controller.go:123.23,125.3 1 0
github.com/wosai/elastic-env-operator/pkg/controller/elasticenvplane/elasticenvplane_controller.go:133.62,153.2 2 0
